<?xml version="1.0" encoding="UTF-8"?>
<testng-results ignored="0" total="2" passed="2" failed="0" skipped="0">
  <reporter-output>
  </reporter-output>
  <suite started-at="2023-07-25T18:24:04 IST" name="Suite" finished-at="2023-07-25T18:25:28 IST" duration-ms="84031">
    <groups>
    </groups>
    <test started-at="2023-07-25T18:24:04 IST" name="Test" finished-at="2023-07-25T18:25:28 IST" duration-ms="84031">
      <class name="Packagedr1.Addtest">
        <test-method is-config="true" signature="url()[pri:0, instance:Packagedr1.Addtest@24569dba]" started-at="2023-07-25T18:25:04 IST" name="url" finished-at="2023-07-25T18:25:21 IST" duration-ms="16600" status="PASS">
          <reporter-output>
          </reporter-output>
        </test-method> <!-- url -->
        <test-method signature="Testing()[pri:0, instance:Packagedr1.Addtest@24569dba]" started-at="2023-07-25T18:25:21 IST" name="Testing" finished-at="2023-07-25T18:25:28 IST" duration-ms="7106" status="PASS">
          <reporter-output>
          </reporter-output>
        </test-method> <!-- Testing -->
      </class> <!-- Packagedr1.Addtest -->
      <class name="Packagedr1.Regtest">
        <test-method is-config="true" signature="url()[pri:0, instance:Packagedr1.Regtest@7c137fd5]" started-at="2023-07-25T18:24:04 IST" name="url" finished-at="2023-07-25T18:24:43 IST" duration-ms="38960" status="PASS">
          <reporter-output>
          </reporter-output>
        </test-method> <!-- url -->
        <test-method signature="testing()[pri:0, instance:Packagedr1.Regtest@7c137fd5]" started-at="2023-07-25T18:24:43 IST" name="testing" finished-at="2023-07-25T18:25:04 IST" duration-ms="20968" status="PASS">
          <reporter-output>
          </reporter-output>
        </test-method> <!-- testing -->
      </class> <!-- Packagedr1.Regtest -->
    </test> <!-- Test -->
  </suite> <!-- Suite -->
</testng-results>
